<?xml version="1.0" encoding="UTF-8"?>
<!-- Generated by org.testng.reporters.JUnitXMLReporter -->
<testsuite hostname="DESKTOP-2STE37I" ignored="0" tests="22" failures="0" timestamp="15 Mar 2019 12:49:20 GMT" time="73.52" errors="0">
  <testcase name="HomeScreenViewChecked" time="1.264" classname="HomeScreen"/>
  <testcase name="checkSweepstakesBannerIsDisplayed" time="0.271" classname="HomeScreen"/>
  <testcase name="tapOnSweepstakesBanner" time="0.569" classname="Sweepstakes"/>
  <testcase name="checkSweepstakesContentDescAllViewIsDisplayed" time="2.035" classname="Sweepstakes"/>
  <testcase name="tapOnEnterSweepStakes" time="0.435" classname="Sweepstakes"/>
  <testcase name="checkSweepstakeEmailScreenUI" time="1.251" classname="Sweepstakes"/>
  <testcase name="enterEmail" time="6.591" classname="Sweepstakes"/>
  <testcase name="tapOnEmailContinueButton" time="0.818" classname="Sweepstakes"/>
  <testcase name="checkSweepstakePasswordScreenUI" time="2.316" classname="Sweepstakes"/>
  <testcase name="enterPassword" time="6.58" classname="Sweepstakes"/>
  <testcase name="tapOnPasswordContinueButton" time="0.95" classname="Sweepstakes"/>
  <testcase name="checkWhoAreYouScreenUI" time="8.523" classname="Sweepstakes"/>
  <testcase name="checkWhoAreYouScreenUI2" time="1.458" classname="Sweepstakes"/>
  <testcase name="tapOnSkillLevel" time="4.62" classname="Sweepstakes"/>
  <testcase name="tapOnFrequencyLevel" time="4.431" classname="Sweepstakes"/>
  <testcase name="tapOnHandicapLevel" time="4.67" classname="Sweepstakes"/>
  <testcase name="tapOnContinueButton" time="2.216" classname="Sweepstakes"/>
  <testcase name="tapOnGoHomeButton" time="2.187" classname="Sweepstakes"/>
  <testcase name="HomeScreenViewChecked" time="2.147" classname="Sweepstakes"/>
  <testcase name="checkSweepstakesBannerIsDisplayed" time="0.28" classname="Sweepstakes"/>
  <testcase name="tapOnSweepstakesBanner2" time="0.609" classname="Sweepstakes"/>
  <testcase name="checkEnterButtonIsDisplayed" time="1.501" classname="Sweepstakes"/>
</testsuite>
