<?xml version="1.0" encoding="UTF-8"?>
<!-- Generated by org.testng.reporters.JUnitXMLReporter -->
<testsuite hostname="DESKTOP-2STE37I" ignored="0" tests="14" failures="0" timestamp="08 Jan 2019 14:02:43 GMT" time="102.796" errors="0">
  <testcase name="TapOnWeatherIcon" time="8.508" classname="HomeScreen"/>
  <testcase name="TapOnWeatherCloseIcon" time="2.091" classname="HomeScreen"/>
  <testcase name="TapOnBookTeeTimeSection" time="1.851" classname="HomeScreen"/>
  <testcase name="CheckViewBookTeeTimeSection" time="1.641" classname="HomeScreen"/>
  <testcase name="VerifySearchEditTextFunctionality" time="8.14" classname="HomeScreen"/>
  <testcase name="VerifyClearTextFunctionality" time="2.846" classname="HomeScreen"/>
  <testcase name="VerifyBackArrowFunctionality" time="1.924" classname="HomeScreen"/>
  <testcase name="VerifyCalenderOpenFunctionality" time="3.157" classname="HomeScreen"/>
  <testcase name="SelectTodayDateFunctionality" time="4.012" classname="HomeScreen"/>
  <testcase name="selectNextDateFunctionality" time="5.139" classname="HomeScreen"/>
  <testcase name="checkNewDateIsApplied" time="2.523" classname="HomeScreen"/>
  <testcase name="selectPlayerOption" time="6.557" classname="HomeScreen"/>
  <testcase name="VerifySearchButtonFunctionality" time="16.002" classname="HomeScreen"/>
  <testcase name="VerifySearchCityScreen" time="5.934" classname="CityResultScreen"/>
</testsuite>
